#
# There is insufficient memory for the Java Runtime Environment to continue.
# Native memory allocation (malloc) failed to allocate 847136 bytes for Chunk::new
# Possible reasons:
#   The system is out of physical RAM or swap space
#   The process is running with CompressedOops enabled, and the Java Heap may be blocking the growth of the native heap
# Possible solutions:
#   Reduce memory load on the system
#   Increase physical memory or swap space
#   Check if swap backing store is full
#   Decrease Java heap size (-Xmx/-Xms)
#   Decrease number of Java threads
#   Decrease Java thread stack sizes (-Xss)
#   Set larger code cache with -XX:ReservedCodeCacheSize=
#   JVM is running with Zero Based Compressed Oops mode in which the Java heap is
#     placed in the first 32GB address space. The Java Heap base address is the
#     maximum limit for the native heap growth. Please use -XX:HeapBaseMinAddress
#     to set the Java Heap base and to place the Java Heap above 32GB virtual address.
# This output file may be truncated or incomplete.
#
#  Out of Memory Error (./src/hotspot/share/memory/arena.cpp:197), pid=9944, tid=13672
#
# JRE version: OpenJDK Runtime Environment Temurin-11.0.14.1+1 (11.0.14.1+1) (build 11.0.14.1+1)
# Java VM: OpenJDK 64-Bit Server VM Temurin-11.0.14.1+1 (11.0.14.1+1, mixed mode, tiered, compressed oops, g1 gc, windows-amd64)
# No core dump will be written. Minidumps are not enabled by default on client versions of Windows
#

---------------  S U M M A R Y ------------

Command Line: -Dfile.encoding=UTF-8 -Dcom.android.sdklib.toolsdir=D:\Program Files\2022.3.20f1\Editor\Data\PlaybackEngines\AndroidPlayer\SDK\cmdline-tools\6.0\bin\\.. com.android.sdklib.tool.sdkmanager.SdkManagerCli --list

Host: Intel(R) Core(TM) i7-6700HQ CPU @ 2.60GHz, 8 cores, 15G,  Windows 10 , 64 bit Build 19041 (10.0.19041.3636)
Time: Fri May 10 16:38:07 2024 Jerusalem Daylight Time elapsed time: 6.065025 seconds (0d 0h 0m 6s)

---------------  T H R E A D  ---------------

Current thread (0x000001b03df95800):  JavaThread "C2 CompilerThread1" daemon [_thread_in_native, id=13672, stack(0x0000000ba0200000,0x0000000ba0300000)]


Current CompileTask:
C2:   6065 3152       4       com.sun.org.apache.xerces.internal.impl.XMLNSDocumentScannerImpl::scanStartElement (1026 bytes)

Stack: [0x0000000ba0200000,0x0000000ba0300000]
Native frames: (J=compiled Java code, j=interpreted, Vv=VM code, C=native code)
V  [jvm.dll+0x61e59a]
V  [jvm.dll+0x7aaca9]
V  [jvm.dll+0x7ac398]
V  [jvm.dll+0x7aca73]
V  [jvm.dll+0x24f9b8]
V  [jvm.dll+0xc260c]
V  [jvm.dll+0xc2bcc]
V  [jvm.dll+0x2c1884]
V  [jvm.dll+0x52d899]
V  [jvm.dll+0x20a569]
V  [jvm.dll+0x207ccb]
V  [jvm.dll+0x18a2c1]
V  [jvm.dll+0x217734]
V  [jvm.dll+0x21597b]
V  [jvm.dll+0x76d7c0]
V  [jvm.dll+0x766724]
V  [jvm.dll+0x61d3f6]
C  [ucrtbase.dll+0x21bb2]
C  [KERNEL32.DLL+0x17344]
C  [ntdll.dll+0x526b1]


---------------  P R O C E S S  ---------------

Threads class SMR info:
_java_thread_list=0x000001b03e5f6490, length=13, elements={
0x000001b018d15000, 0x000001b03cac3000, 0x000001b03cac4800, 0x000001b03d3bc800,
0x000001b03d3bd800, 0x000001b03d3be800, 0x000001b03d3c2000, 0x000001b03d3c8000,
0x000001b03d3d4800, 0x000001b03d544000, 0x000001b03df95800, 0x000001b03e52f800,
0x000001b03d407800
}

Java Threads: ( => current thread )
  0x000001b018d15000 JavaThread "main" [_thread_in_Java, id=17856, stack(0x0000000b9eb00000,0x0000000b9ec00000)]
  0x000001b03cac3000 JavaThread "Reference Handler" daemon [_thread_blocked, id=21480, stack(0x0000000b9f200000,0x0000000b9f300000)]
  0x000001b03cac4800 JavaThread "Finalizer" daemon [_thread_blocked, id=5948, stack(0x0000000b9f300000,0x0000000b9f400000)]
  0x000001b03d3bc800 JavaThread "Signal Dispatcher" daemon [_thread_blocked, id=10960, stack(0x0000000b9f400000,0x0000000b9f500000)]
  0x000001b03d3bd800 JavaThread "Attach Listener" daemon [_thread_blocked, id=12436, stack(0x0000000b9f500000,0x0000000b9f600000)]
  0x000001b03d3be800 JavaThread "Service Thread" daemon [_thread_blocked, id=14720, stack(0x0000000b9f600000,0x0000000b9f700000)]
  0x000001b03d3c2000 JavaThread "C2 CompilerThread0" daemon [_thread_in_native, id=7604, stack(0x0000000b9f700000,0x0000000b9f800000)]
  0x000001b03d3c8000 JavaThread "C1 CompilerThread0" daemon [_thread_blocked, id=5304, stack(0x0000000b9f800000,0x0000000b9f900000)]
  0x000001b03d3d4800 JavaThread "Sweeper thread" daemon [_thread_blocked, id=10916, stack(0x0000000b9f900000,0x0000000b9fa00000)]
  0x000001b03d544000 JavaThread "Common-Cleaner" daemon [_thread_blocked, id=20448, stack(0x0000000b9fb00000,0x0000000b9fc00000)]
=>0x000001b03df95800 JavaThread "C2 CompilerThread1" daemon [_thread_in_native, id=13672, stack(0x0000000ba0200000,0x0000000ba0300000)]
  0x000001b03e52f800 JavaThread "Keep-Alive-Timer" daemon [_thread_blocked, id=11380, stack(0x0000000ba0300000,0x0000000ba0400000)]
  0x000001b03d407800 JavaThread "C2 CompilerThread2" daemon [_thread_in_vm, id=18920, stack(0x0000000ba1800000,0x0000000ba1900000)]

Other Threads:
  0x000001b03cab1800 VMThread "VM Thread" [stack: 0x0000000b9f100000,0x0000000b9f200000] [id=20620]
  0x000001b03d53c000 WatcherThread [stack: 0x0000000b9fa00000,0x0000000b9fb00000] [id=13060]
  0x000001b018d2d000 GCTaskThread "GC Thread#0" [stack: 0x0000000b9ec00000,0x0000000b9ed00000] [id=16472]
  0x000001b03e499800 GCTaskThread "GC Thread#1" [stack: 0x0000000b9fd00000,0x0000000b9fe00000] [id=6196]
  0x000001b03df11800 GCTaskThread "GC Thread#2" [stack: 0x0000000b9fe00000,0x0000000b9ff00000] [id=18652]
  0x000001b03dd44000 GCTaskThread "GC Thread#3" [stack: 0x0000000b9ff00000,0x0000000ba0000000] [id=10500]
  0x000001b03dd44800 GCTaskThread "GC Thread#4" [stack: 0x0000000ba0000000,0x0000000ba0100000] [id=16684]
  0x000001b03dfaf800 GCTaskThread "GC Thread#5" [stack: 0x0000000ba0100000,0x0000000ba0200000] [id=13184]
  0x000001b03eaf3000 GCTaskThread "GC Thread#6" [stack: 0x0000000ba0600000,0x0000000ba0700000] [id=17948]
  0x000001b03e613000 GCTaskThread "GC Thread#7" [stack: 0x0000000ba0900000,0x0000000ba0a00000] [id=18540]
  0x000001b018d8c000 ConcurrentGCThread "G1 Main Marker" [stack: 0x0000000b9ed00000,0x0000000b9ee00000] [id=18800]
  0x000001b018d8d800 ConcurrentGCThread "G1 Conc#0" [stack: 0x0000000b9ee00000,0x0000000b9ef00000] [id=19016]
  0x000001b03e401000 ConcurrentGCThread "G1 Conc#1" [stack: 0x0000000b9fc00000,0x0000000b9fd00000] [id=18684]
  0x000001b03c994800 ConcurrentGCThread "G1 Refine#0" [stack: 0x0000000b9ef00000,0x0000000b9f000000] [id=11356]
  0x000001b03c995800 ConcurrentGCThread "G1 Young RemSet Sampling" [stack: 0x0000000b9f000000,0x0000000b9f100000] [id=21948]

Threads with active compile tasks:
C2 CompilerThread0   6138 3154   !   4       com.sun.org.apache.xerces.internal.parsers.AbstractSAXParser::startElement (318 bytes)
C2 CompilerThread1   6138 3152       4       com.sun.org.apache.xerces.internal.impl.XMLNSDocumentScannerImpl::scanStartElement (1026 bytes)
C2 CompilerThread2   6138 3155       4       com.sun.org.apache.xerces.internal.parsers.AbstractSAXParser::startNamespaceMapping (77 bytes)

VM state:not at safepoint (normal execution)

VM Mutex/Monitor currently owned by a thread: None

Heap address: 0x0000000700e00000, size: 4082 MB, Compressed Oops mode: Zero based, Oop shift amount: 3
Narrow klass base: 0x0000000800000000, Narrow klass shift: 0
Compressed class space size: 1073741824 Address: 0x0000000800000000

Heap:
 garbage-first heap   total 262144K, used 116673K [0x0000000700e00000, 0x0000000800000000)
  region size 1024K, 111 young (113664K), 6 survivors (6144K)
 Metaspace       used 24927K, capacity 25473K, committed 25600K, reserved 1073152K
  class space    used 2524K, capacity 2709K, committed 2816K, reserved 1048576K
Heap Regions: E=young(eden), S=young(survivor), O=old, HS=humongous(starts), HC=humongous(continues), CS=collection set, F=free, A=archive, TAMS=top-at-mark-start (previous, next)
|   0|0x0000000700e00000, 0x0000000700f00000, 0x0000000700f00000|100%| O|  |TAMS 0x0000000700e00000, 0x0000000700e00000| Untracked 
|   1|0x0000000700f00000, 0x0000000701000000, 0x0000000701000000|100%| O|  |TAMS 0x0000000700f77200, 0x0000000700f00000| Untracked 
|   2|0x0000000701000000, 0x0000000701100000, 0x0000000701100000|100%| O|  |TAMS 0x0000000701000000, 0x0000000701000000| Untracked 
|   3|0x0000000701100000, 0x00000007011f0600, 0x0000000701200000| 93%| O|  |TAMS 0x0000000701100000, 0x0000000701100000| Untracked 
|   4|0x0000000701200000, 0x0000000701200000, 0x0000000701300000|  0%| F|  |TAMS 0x0000000701200000, 0x0000000701200000| Untracked 
|   5|0x0000000701300000, 0x0000000701300000, 0x0000000701400000|  0%| F|  |TAMS 0x0000000701300000, 0x0000000701300000| Untracked 
|   6|0x0000000701400000, 0x0000000701400000, 0x0000000701500000|  0%| F|  |TAMS 0x0000000701400000, 0x0000000701400000| Untracked 
|   7|0x0000000701500000, 0x0000000701500000, 0x0000000701600000|  0%| F|  |TAMS 0x0000000701500000, 0x0000000701500000| Untracked 
|   8|0x0000000701600000, 0x0000000701600000, 0x0000000701700000|  0%| F|  |TAMS 0x0000000701600000, 0x0000000701600000| Untracked 
|   9|0x0000000701700000, 0x0000000701700000, 0x0000000701800000|  0%| F|  |TAMS 0x0000000701700000, 0x0000000701700000| Untracked 
|  10|0x0000000701800000, 0x0000000701800000, 0x0000000701900000|  0%| F|  |TAMS 0x0000000701800000, 0x0000000701800000| Untracked 
|  11|0x0000000701900000, 0x0000000701900000, 0x0000000701a00000|  0%| F|  |TAMS 0x0000000701900000, 0x0000000701900000| Untracked 
|  12|0x0000000701a00000, 0x0000000701a00000, 0x0000000701b00000|  0%| F|  |TAMS 0x0000000701a00000, 0x0000000701a00000| Untracked 
|  13|0x0000000701b00000, 0x0000000701b00000, 0x0000000701c00000|  0%| F|  |TAMS 0x0000000701b00000, 0x0000000701b00000| Untracked 
|  14|0x0000000701c00000, 0x0000000701c00000, 0x0000000701d00000|  0%| F|  |TAMS 0x0000000701c00000, 0x0000000701c00000| Untracked 
|  15|0x0000000701d00000, 0x0000000701d00000, 0x0000000701e00000|  0%| F|  |TAMS 0x0000000701d00000, 0x0000000701d00000| Untracked 
|  16|0x0000000701e00000, 0x0000000701e00000, 0x0000000701f00000|  0%| F|  |TAMS 0x0000000701e00000, 0x0000000701e00000| Untracked 
|  17|0x0000000701f00000, 0x0000000701f00000, 0x0000000702000000|  0%| F|  |TAMS 0x0000000701f00000, 0x0000000701f00000| Untracked 
|  18|0x0000000702000000, 0x0000000702000000, 0x0000000702100000|  0%| F|  |TAMS 0x0000000702000000, 0x0000000702000000| Untracked 
|  19|0x0000000702100000, 0x0000000702100000, 0x0000000702200000|  0%| F|  |TAMS 0x0000000702100000, 0x0000000702100000| Untracked 
|  20|0x0000000702200000, 0x0000000702200000, 0x0000000702300000|  0%| F|  |TAMS 0x0000000702200000, 0x0000000702200000| Untracked 
|  21|0x0000000702300000, 0x0000000702300000, 0x0000000702400000|  0%| F|  |TAMS 0x0000000702300000, 0x0000000702300000| Untracked 
|  22|0x0000000702400000, 0x0000000702400000, 0x0000000702500000|  0%| F|  |TAMS 0x0000000702400000, 0x0000000702400000| Untracked 
|  23|0x0000000702500000, 0x0000000702500000, 0x0000000702600000|  0%| F|  |TAMS 0x0000000702500000, 0x0000000702500000| Untracked 
|  24|0x0000000702600000, 0x0000000702600000, 0x0000000702700000|  0%| F|  |TAMS 0x0000000702600000, 0x0000000702600000| Untracked 
|  25|0x0000000702700000, 0x0000000702700000, 0x0000000702800000|  0%| F|  |TAMS 0x0000000702700000, 0x0000000702700000| Untracked 
|  26|0x0000000702800000, 0x0000000702800000, 0x0000000702900000|  0%| F|  |TAMS 0x0000000702800000, 0x0000000702800000| Untracked 
|  27|0x0000000702900000, 0x0000000702900000, 0x0000000702a00000|  0%| F|  |TAMS 0x0000000702900000, 0x0000000702900000| Untracked 
|  28|0x0000000702a00000, 0x0000000702a00000, 0x0000000702b00000|  0%| F|  |TAMS 0x0000000702a00000, 0x0000000702a00000| Untracked 
|  29|0x0000000702b00000, 0x0000000702b00000, 0x0000000702c00000|  0%| F|  |TAMS 0x0000000702b00000, 0x0000000702b00000| Untracked 
|  30|0x0000000702c00000, 0x0000000702c00000, 0x0000000702d00000|  0%| F|  |TAMS 0x0000000702c00000, 0x0000000702c00000| Untracked 
|  31|0x0000000702d00000, 0x0000000702d00000, 0x0000000702e00000|  0%| F|  |TAMS 0x0000000702d00000, 0x0000000702d00000| Untracked 
|  32|0x0000000702e00000, 0x0000000702e00000, 0x0000000702f00000|  0%| F|  |TAMS 0x0000000702e00000, 0x0000000702e00000| Untracked 
|  33|0x0000000702f00000, 0x0000000702f00000, 0x0000000703000000|  0%| F|  |TAMS 0x0000000702f00000, 0x0000000702f00000| Untracked 
|  34|0x0000000703000000, 0x0000000703000000, 0x0000000703100000|  0%| F|  |TAMS 0x0000000703000000, 0x0000000703000000| Untracked 
|  35|0x0000000703100000, 0x0000000703100000, 0x0000000703200000|  0%| F|  |TAMS 0x0000000703100000, 0x0000000703100000| Untracked 
|  36|0x0000000703200000, 0x0000000703200000, 0x0000000703300000|  0%| F|  |TAMS 0x0000000703200000, 0x0000000703200000| Untracked 
|  37|0x0000000703300000, 0x0000000703300000, 0x0000000703400000|  0%| F|  |TAMS 0x0000000703300000, 0x0000000703300000| Untracked 
|  38|0x0000000703400000, 0x0000000703400000, 0x0000000703500000|  0%| F|  |TAMS 0x0000000703400000, 0x0000000703400000| Untracked 
|  39|0x0000000703500000, 0x0000000703500000, 0x0000000703600000|  0%| F|  |TAMS 0x0000000703500000, 0x0000000703500000| Untracked 
|  40|0x0000000703600000, 0x0000000703600000, 0x0000000703700000|  0%| F|  |TAMS 0x0000000703600000, 0x0000000703600000| Untracked 
|  41|0x0000000703700000, 0x0000000703700000, 0x0000000703800000|  0%| F|  |TAMS 0x0000000703700000, 0x0000000703700000| Untracked 
|  42|0x0000000703800000, 0x0000000703800000, 0x0000000703900000|  0%| F|  |TAMS 0x0000000703800000, 0x0000000703800000| Untracked 
|  43|0x0000000703900000, 0x0000000703900000, 0x0000000703a00000|  0%| F|  |TAMS 0x0000000703900000, 0x0000000703900000| Untracked 
|  44|0x0000000703a00000, 0x0000000703a00000, 0x0000000703b00000|  0%| F|  |TAMS 0x0000000703a00000, 0x0000000703a00000| Untracked 
|  45|0x0000000703b00000, 0x0000000703b00000, 0x0000000703c00000|  0%| F|  |TAMS 0x0000000703b00000, 0x0000000703b00000| Untracked 
|  46|0x0000000703c00000, 0x0000000703c00000, 0x0000000703d00000|  0%| F|  |TAMS 0x0000000703c00000, 0x0000000703c00000| Untracked 
|  47|0x0000000703d00000, 0x0000000703d00000, 0x0000000703e00000|  0%| F|  |TAMS 0x0000000703d00000, 0x0000000703d00000| Untracked 
|  48|0x0000000703e00000, 0x0000000703e00000, 0x0000000703f00000|  0%| F|  |TAMS 0x0000000703e00000, 0x0000000703e00000| Untracked 
|  49|0x0000000703f00000, 0x0000000703f00000, 0x0000000704000000|  0%| F|  |TAMS 0x0000000703f00000, 0x0000000703f00000| Untracked 
|  50|0x0000000704000000, 0x0000000704000000, 0x0000000704100000|  0%| F|  |TAMS 0x0000000704000000, 0x0000000704000000| Untracked 
|  51|0x0000000704100000, 0x0000000704100000, 0x0000000704200000|  0%| F|  |TAMS 0x0000000704100000, 0x0000000704100000| Untracked 
|  52|0x0000000704200000, 0x0000000704200000, 0x0000000704300000|  0%| F|  |TAMS 0x0000000704200000, 0x0000000704200000| Untracked 
|  53|0x0000000704300000, 0x0000000704300000, 0x0000000704400000|  0%| F|  |TAMS 0x0000000704300000, 0x0000000704300000| Untracked 
|  54|0x0000000704400000, 0x0000000704400000, 0x0000000704500000|  0%| F|  |TAMS 0x0000000704400000, 0x0000000704400000| Untracked 
|  55|0x0000000704500000, 0x0000000704500000, 0x0000000704600000|  0%| F|  |TAMS 0x0000000704500000, 0x0000000704500000| Untracked 
|  56|0x0000000704600000, 0x0000000704600000, 0x0000000704700000|  0%| F|  |TAMS 0x0000000704600000, 0x0000000704600000| Untracked 
|  57|0x0000000704700000, 0x0000000704700000, 0x0000000704800000|  0%| F|  |TAMS 0x0000000704700000, 0x0000000704700000| Untracked 
|  58|0x0000000704800000, 0x0000000704800000, 0x0000000704900000|  0%| F|  |TAMS 0x0000000704800000, 0x0000000704800000| Untracked 
|  59|0x0000000704900000, 0x0000000704900000, 0x0000000704a00000|  0%| F|  |TAMS 0x0000000704900000, 0x0000000704900000| Untracked 
|  60|0x0000000704a00000, 0x0000000704a00000, 0x0000000704b00000|  0%| F|  |TAMS 0x0000000704a00000, 0x0000000704a00000| Untracked 
|  61|0x0000000704b00000, 0x0000000704b00000, 0x0000000704c00000|  0%| F|  |TAMS 0x0000000704b00000, 0x0000000704b00000| Untracked 
|  62|0x0000000704c00000, 0x0000000704c00000, 0x0000000704d00000|  0%| F|  |TAMS 0x0000000704c00000, 0x0000000704c00000| Untracked 
|  63|0x0000000704d00000, 0x0000000704d00000, 0x0000000704e00000|  0%| F|  |TAMS 0x0000000704d00000, 0x0000000704d00000| Untracked 
|  64|0x0000000704e00000, 0x0000000704e00000, 0x0000000704f00000|  0%| F|  |TAMS 0x0000000704e00000, 0x0000000704e00000| Untracked 
|  65|0x0000000704f00000, 0x0000000704f00000, 0x0000000705000000|  0%| F|  |TAMS 0x0000000704f00000, 0x0000000704f00000| Untracked 
|  66|0x0000000705000000, 0x0000000705000000, 0x0000000705100000|  0%| F|  |TAMS 0x0000000705000000, 0x0000000705000000| Untracked 
|  67|0x0000000705100000, 0x0000000705100000, 0x0000000705200000|  0%| F|  |TAMS 0x0000000705100000, 0x0000000705100000| Untracked 
|  68|0x0000000705200000, 0x0000000705200000, 0x0000000705300000|  0%| F|  |TAMS 0x0000000705200000, 0x0000000705200000| Untracked 
|  69|0x0000000705300000, 0x0000000705300000, 0x0000000705400000|  0%| F|  |TAMS 0x0000000705300000, 0x0000000705300000| Untracked 
|  70|0x0000000705400000, 0x0000000705400000, 0x0000000705500000|  0%| F|  |TAMS 0x0000000705400000, 0x0000000705400000| Untracked 
|  71|0x0000000705500000, 0x0000000705500000, 0x0000000705600000|  0%| F|  |TAMS 0x0000000705500000, 0x0000000705500000| Untracked 
|  72|0x0000000705600000, 0x0000000705600000, 0x0000000705700000|  0%| F|  |TAMS 0x0000000705600000, 0x0000000705600000| Untracked 
|  73|0x0000000705700000, 0x0000000705700000, 0x0000000705800000|  0%| F|  |TAMS 0x0000000705700000, 0x0000000705700000| Untracked 
|  74|0x0000000705800000, 0x0000000705800000, 0x0000000705900000|  0%| F|  |TAMS 0x0000000705800000, 0x0000000705800000| Untracked 
|  75|0x0000000705900000, 0x0000000705900000, 0x0000000705a00000|  0%| F|  |TAMS 0x0000000705900000, 0x0000000705900000| Untracked 
|  76|0x0000000705a00000, 0x0000000705a00000, 0x0000000705b00000|  0%| F|  |TAMS 0x0000000705a00000, 0x0000000705a00000| Untracked 
|  77|0x0000000705b00000, 0x0000000705b00000, 0x0000000705c00000|  0%| F|  |TAMS 0x0000000705b00000, 0x0000000705b00000| Untracked 
|  78|0x0000000705c00000, 0x0000000705c00000, 0x0000000705d00000|  0%| F|  |TAMS 0x0000000705c00000, 0x0000000705c00000| Untracked 
|  79|0x0000000705d00000, 0x0000000705d00000, 0x0000000705e00000|  0%| F|  |TAMS 0x0000000705d00000, 0x0000000705d00000| Untracked 
|  80|0x0000000705e00000, 0x0000000705e00000, 0x0000000705f00000|  0%| F|  |TAMS 0x0000000705e00000, 0x0000000705e00000| Untracked 
|  81|0x0000000705f00000, 0x0000000705f00000, 0x0000000706000000|  0%| F|  |TAMS 0x0000000705f00000, 0x0000000705f00000| Untracked 
|  82|0x0000000706000000, 0x0000000706000000, 0x0000000706100000|  0%| F|  |TAMS 0x0000000706000000, 0x0000000706000000| Untracked 
|  83|0x0000000706100000, 0x0000000706100000, 0x0000000706200000|  0%| F|  |TAMS 0x0000000706100000, 0x0000000706100000| Untracked 
|  84|0x0000000706200000, 0x0000000706200000, 0x0000000706300000|  0%| F|  |TAMS 0x0000000706200000, 0x0000000706200000| Untracked 
|  85|0x0000000706300000, 0x0000000706300000, 0x0000000706400000|  0%| F|  |TAMS 0x0000000706300000, 0x0000000706300000| Untracked 
|  86|0x0000000706400000, 0x0000000706400000, 0x0000000706500000|  0%| F|  |TAMS 0x0000000706400000, 0x0000000706400000| Untracked 
|  87|0x0000000706500000, 0x0000000706500000, 0x0000000706600000|  0%| F|  |TAMS 0x0000000706500000, 0x0000000706500000| Untracked 
|  88|0x0000000706600000, 0x0000000706600000, 0x0000000706700000|  0%| F|  |TAMS 0x0000000706600000, 0x0000000706600000| Untracked 
|  89|0x0000000706700000, 0x0000000706700000, 0x0000000706800000|  0%| F|  |TAMS 0x0000000706700000, 0x0000000706700000| Untracked 
|  90|0x0000000706800000, 0x0000000706800000, 0x0000000706900000|  0%| F|  |TAMS 0x0000000706800000, 0x0000000706800000| Untracked 
|  91|0x0000000706900000, 0x0000000706900000, 0x0000000706a00000|  0%| F|  |TAMS 0x0000000706900000, 0x0000000706900000| Untracked 
|  92|0x0000000706a00000, 0x0000000706a00000, 0x0000000706b00000|  0%| F|  |TAMS 0x0000000706a00000, 0x0000000706a00000| Untracked 
|  93|0x0000000706b00000, 0x0000000706b00000, 0x0000000706c00000|  0%| F|  |TAMS 0x0000000706b00000, 0x0000000706b00000| Untracked 
|  94|0x0000000706c00000, 0x0000000706c00000, 0x0000000706d00000|  0%| F|  |TAMS 0x0000000706c00000, 0x0000000706c00000| Untracked 
|  95|0x0000000706d00000, 0x0000000706d00000, 0x0000000706e00000|  0%| F|  |TAMS 0x0000000706d00000, 0x0000000706d00000| Untracked 
|  96|0x0000000706e00000, 0x0000000706e00000, 0x0000000706f00000|  0%| F|  |TAMS 0x0000000706e00000, 0x0000000706e00000| Untracked 
|  97|0x0000000706f00000, 0x0000000706f00000, 0x0000000707000000|  0%| F|  |TAMS 0x0000000706f00000, 0x0000000706f00000| Untracked 
|  98|0x0000000707000000, 0x0000000707000000, 0x0000000707100000|  0%| F|  |TAMS 0x0000000707000000, 0x0000000707000000| Untracked 
|  99|0x0000000707100000, 0x0000000707100000, 0x0000000707200000|  0%| F|  |TAMS 0x0000000707100000, 0x0000000707100000| Untracked 
| 100|0x0000000707200000, 0x0000000707200000, 0x0000000707300000|  0%| F|  |TAMS 0x0000000707200000, 0x0000000707200000| Untracked 
| 101|0x0000000707300000, 0x0000000707300000, 0x0000000707400000|  0%| F|  |TAMS 0x0000000707300000, 0x0000000707300000| Untracked 
| 102|0x0000000707400000, 0x0000000707400000, 0x0000000707500000|  0%| F|  |TAMS 0x0000000707400000, 0x0000000707400000| Untracked 
| 103|0x0000000707500000, 0x0000000707500000, 0x0000000707600000|  0%| F|  |TAMS 0x0000000707500000, 0x0000000707500000| Untracked 
| 104|0x0000000707600000, 0x0000000707600000, 0x0000000707700000|  0%| F|  |TAMS 0x0000000707600000, 0x0000000707600000| Untracked 
| 105|0x0000000707700000, 0x0000000707700000, 0x0000000707800000|  0%| F|  |TAMS 0x0000000707700000, 0x0000000707700000| Untracked 
| 106|0x0000000707800000, 0x0000000707800000, 0x0000000707900000|  0%| F|  |TAMS 0x0000000707800000, 0x0000000707800000| Untracked 
| 107|0x0000000707900000, 0x0000000707900000, 0x0000000707a00000|  0%| F|  |TAMS 0x0000000707900000, 0x0000000707900000| Untracked 
| 108|0x0000000707a00000, 0x0000000707a00000, 0x0000000707b00000|  0%| F|  |TAMS 0x0000000707a00000, 0x0000000707a00000| Untracked 
| 109|0x0000000707b00000, 0x0000000707b00000, 0x0000000707c00000|  0%| F|  |TAMS 0x0000000707b00000, 0x0000000707b00000| Untracked 
| 110|0x0000000707c00000, 0x0000000707c00000, 0x0000000707d00000|  0%| F|  |TAMS 0x0000000707c00000, 0x0000000707c00000| Untracked 
| 111|0x0000000707d00000, 0x0000000707d00000, 0x0000000707e00000|  0%| F|  |TAMS 0x0000000707d00000, 0x0000000707d00000| Untracked 
| 112|0x0000000707e00000, 0x0000000707e00000, 0x0000000707f00000|  0%| F|  |TAMS 0x0000000707e00000, 0x0000000707e00000| Untracked 
| 113|0x0000000707f00000, 0x0000000707f00000, 0x0000000708000000|  0%| F|  |TAMS 0x0000000707f00000, 0x0000000707f00000| Untracked 
| 114|0x0000000708000000, 0x0000000708000000, 0x0000000708100000|  0%| F|  |TAMS 0x0000000708000000, 0x0000000708000000| Untracked 
| 115|0x0000000708100000, 0x0000000708100000, 0x0000000708200000|  0%| F|  |TAMS 0x0000000708100000, 0x0000000708100000| Untracked 
| 116|0x0000000708200000, 0x0000000708200000, 0x0000000708300000|  0%| F|  |TAMS 0x0000000708200000, 0x0000000708200000| Untracked 
| 117|0x0000000708300000, 0x0000000708300000, 0x0000000708400000|  0%| F|  |TAMS 0x0000000708300000, 0x0000000708300000| Untracked 
| 118|0x0000000708400000, 0x0000000708400000, 0x0000000708500000|  0%| F|  |TAMS 0x0000000708400000, 0x0000000708400000| Untracked 
| 119|0x0000000708500000, 0x0000000708500000, 0x0000000708600000|  0%| F|  |TAMS 0x0000000708500000, 0x0000000708500000| Untracked 
| 120|0x0000000708600000, 0x0000000708600000, 0x0000000708700000|  0%| F|  |TAMS 0x0000000708600000, 0x0000000708600000| Untracked 
| 121|0x0000000708700000, 0x0000000708700000, 0x0000000708800000|  0%| F|  |TAMS 0x0000000708700000, 0x0000000708700000| Untracked 
| 122|0x0000000708800000, 0x0000000708800000, 0x0000000708900000|  0%| F|  |TAMS 0x0000000708800000, 0x0000000708800000| Untracked 
| 123|0x0000000708900000, 0x0000000708900000, 0x0000000708a00000|  0%| F|  |TAMS 0x0000000708900000, 0x0000000708900000| Untracked 
| 124|0x0000000708a00000, 0x0000000708a00000, 0x0000000708b00000|  0%| F|  |TAMS 0x0000000708a00000, 0x0000000708a00000| Untracked 
| 125|0x0000000708b00000, 0x0000000708b00000, 0x0000000708c00000|  0%| F|  |TAMS 0x0000000708b00000, 0x0000000708b00000| Untracked 
| 126|0x0000000708c00000, 0x0000000708c00000, 0x0000000708d00000|  0%| F|  |TAMS 0x0000000708c00000, 0x0000000708c00000| Untracked 
| 127|0x0000000708d00000, 0x0000000708d00000, 0x0000000708e00000|  0%| F|  |TAMS 0x0000000708d00000, 0x0000000708d00000| Untracked 
| 128|0x0000000708e00000, 0x0000000708e00000, 0x0000000708f00000|  0%| F|  |TAMS 0x0000000708e00000, 0x0000000708e00000| Untracked 
| 129|0x0000000708f00000, 0x0000000708f00000, 0x0000000709000000|  0%| F|  |TAMS 0x0000000708f00000, 0x0000000708f00000| Untracked 
| 130|0x0000000709000000, 0x0000000709000000, 0x0000000709100000|  0%| F|  |TAMS 0x0000000709000000, 0x0000000709000000| Untracked 
| 131|0x0000000709100000, 0x0000000709100000, 0x0000000709200000|  0%| F|  |TAMS 0x0000000709100000, 0x0000000709100000| Untracked 
| 132|0x0000000709200000, 0x0000000709200000, 0x0000000709300000|  0%| F|  |TAMS 0x0000000709200000, 0x0000000709200000| Untracked 
| 133|0x0000000709300000, 0x0000000709300000, 0x0000000709400000|  0%| F|  |TAMS 0x0000000709300000, 0x0000000709300000| Untracked 
| 134|0x0000000709400000, 0x0000000709400000, 0x0000000709500000|  0%| F|  |TAMS 0x0000000709400000, 0x0000000709400000| Untracked 
| 135|0x0000000709500000, 0x0000000709500000, 0x0000000709600000|  0%| F|  |TAMS 0x0000000709500000, 0x0000000709500000| Untracked 
| 136|0x0000000709600000, 0x0000000709600000, 0x0000000709700000|  0%| F|  |TAMS 0x0000000709600000, 0x0000000709600000| Untracked 
| 137|0x0000000709700000, 0x0000000709700000, 0x0000000709800000|  0%| F|  |TAMS 0x0000000709700000, 0x0000000709700000| Untracked 
| 138|0x0000000709800000, 0x0000000709800000, 0x0000000709900000|  0%| F|  |TAMS 0x0000000709800000, 0x0000000709800000| Untracked 
| 139|0x0000000709900000, 0x0000000709900000, 0x0000000709a00000|  0%| F|  |TAMS 0x0000000709900000, 0x0000000709900000| Untracked 
| 140|0x0000000709a00000, 0x0000000709a00000, 0x0000000709b00000|  0%| F|  |TAMS 0x0000000709a00000, 0x0000000709a00000| Untracked 
| 141|0x0000000709b00000, 0x0000000709b00000, 0x0000000709c00000|  0%| F|  |TAMS 0x0000000709b00000, 0x0000000709b00000| Untracked 
| 142|0x0000000709c00000, 0x0000000709c00000, 0x0000000709d00000|  0%| F|  |TAMS 0x0000000709c00000, 0x0000000709c00000| Untracked 
| 143|0x0000000709d00000, 0x0000000709d00000, 0x0000000709e00000|  0%| F|  |TAMS 0x0000000709d00000, 0x0000000709d00000| Untracked 
| 144|0x0000000709e00000, 0x0000000709e80800, 0x0000000709f00000| 50%| E|  |TAMS 0x0000000709e00000, 0x0000000709e00000| Complete 
| 145|0x0000000709f00000, 0x000000070a000000, 0x000000070a000000|100%| E|CS|TAMS 0x0000000709f00000, 0x0000000709f00000| Complete 
| 146|0x000000070a000000, 0x000000070a100000, 0x000000070a100000|100%| E|CS|TAMS 0x000000070a000000, 0x000000070a000000| Complete 
| 147|0x000000070a100000, 0x000000070a200000, 0x000000070a200000|100%| E|CS|TAMS 0x000000070a100000, 0x000000070a100000| Complete 
| 148|0x000000070a200000, 0x000000070a300000, 0x000000070a300000|100%| E|CS|TAMS 0x000000070a200000, 0x000000070a200000| Complete 
| 149|0x000000070a300000, 0x000000070a400000, 0x000000070a400000|100%| E|CS|TAMS 0x000000070a300000, 0x000000070a300000| Complete 
| 150|0x000000070a400000, 0x000000070a500000, 0x000000070a500000|100%| E|CS|TAMS 0x000000070a400000, 0x000000070a400000| Complete 
| 151|0x000000070a500000, 0x000000070a600000, 0x000000070a600000|100%| E|CS|TAMS 0x000000070a500000, 0x000000070a500000| Complete 
| 152|0x000000070a600000, 0x000000070a700000, 0x000000070a700000|100%| E|CS|TAMS 0x000000070a600000, 0x000000070a600000| Complete 
| 153|0x000000070a700000, 0x000000070a800000, 0x000000070a800000|100%| E|CS|TAMS 0x000000070a700000, 0x000000070a700000| Complete 
| 154|0x000000070a800000, 0x000000070a900000, 0x000000070a900000|100%| E|CS|TAMS 0x000000070a800000, 0x000000070a800000| Complete 
| 155|0x000000070a900000, 0x000000070aa00000, 0x000000070aa00000|100%| E|CS|TAMS 0x000000070a900000, 0x000000070a900000| Complete 
| 156|0x000000070aa00000, 0x000000070ab00000, 0x000000070ab00000|100%| E|CS|TAMS 0x000000070aa00000, 0x000000070aa00000| Complete 
| 157|0x000000070ab00000, 0x000000070ac00000, 0x000000070ac00000|100%| E|CS|TAMS 0x000000070ab00000, 0x000000070ab00000| Complete 
| 158|0x000000070ac00000, 0x000000070ad00000, 0x000000070ad00000|100%| E|CS|TAMS 0x000000070ac00000, 0x000000070ac00000| Complete 
| 159|0x000000070ad00000, 0x000000070ae00000, 0x000000070ae00000|100%| E|CS|TAMS 0x000000070ad00000, 0x000000070ad00000| Complete 
| 160|0x000000070ae00000, 0x000000070af00000, 0x000000070af00000|100%| E|CS|TAMS 0x000000070ae00000, 0x000000070ae00000| Complete 
| 161|0x000000070af00000, 0x000000070b000000, 0x000000070b000000|100%| E|CS|TAMS 0x000000070af00000, 0x000000070af00000| Complete 
| 162|0x000000070b000000, 0x000000070b100000, 0x000000070b100000|100%| E|CS|TAMS 0x000000070b000000, 0x000000070b000000| Complete 
| 163|0x000000070b100000, 0x000000070b200000, 0x000000070b200000|100%| E|CS|TAMS 0x000000070b100000, 0x000000070b100000| Complete 
| 164|0x000000070b200000, 0x000000070b300000, 0x000000070b300000|100%| E|CS|TAMS 0x000000070b200000, 0x000000070b200000| Complete 
| 165|0x000000070b300000, 0x000000070b400000, 0x000000070b400000|100%| E|CS|TAMS 0x000000070b300000, 0x000000070b300000| Complete 
| 166|0x000000070b400000, 0x000000070b500000, 0x000000070b500000|100%| E|CS|TAMS 0x000000070b400000, 0x000000070b400000| Complete 
| 167|0x000000070b500000, 0x000000070b600000, 0x000000070b600000|100%| E|CS|TAMS 0x000000070b500000, 0x000000070b500000| Complete 
| 168|0x000000070b600000, 0x000000070b700000, 0x000000070b700000|100%| E|CS|TAMS 0x000000070b600000, 0x000000070b600000| Complete 
| 169|0x000000070b700000, 0x000000070b800000, 0x000000070b800000|100%| E|CS|TAMS 0x000000070b700000, 0x000000070b700000| Complete 
| 170|0x000000070b800000, 0x000000070b900000, 0x000000070b900000|100%| E|CS|TAMS 0x000000070b800000, 0x000000070b800000| Complete 
| 171|0x000000070b900000, 0x000000070ba00000, 0x000000070ba00000|100%| E|CS|TAMS 0x000000070b900000, 0x000000070b900000| Complete 
| 172|0x000000070ba00000, 0x000000070bb00000, 0x000000070bb00000|100%| E|CS|TAMS 0x000000070ba00000, 0x000000070ba00000| Complete 
| 173|0x000000070bb00000, 0x000000070bc00000, 0x000000070bc00000|100%| E|CS|TAMS 0x000000070bb00000, 0x000000070bb00000| Complete 
| 174|0x000000070bc00000, 0x000000070bd00000, 0x000000070bd00000|100%| E|CS|TAMS 0x000000070bc00000, 0x000000070bc00000| Complete 
| 175|0x000000070bd00000, 0x000000070be00000, 0x000000070be00000|100%| E|CS|TAMS 0x000000070bd00000, 0x000000070bd00000| Complete 
| 176|0x000000070be00000, 0x000000070bf00000, 0x000000070bf00000|100%| E|CS|TAMS 0x000000070be00000, 0x000000070be00000| Complete 
| 177|0x000000070bf00000, 0x000000070c000000, 0x000000070c000000|100%| E|CS|TAMS 0x000000070bf00000, 0x000000070bf00000| Complete 
| 178|0x000000070c000000, 0x000000070c100000, 0x000000070c100000|100%| E|CS|TAMS 0x000000070c000000, 0x000000070c000000| Complete 
| 179|0x000000070c100000, 0x000000070c200000, 0x000000070c200000|100%| E|CS|TAMS 0x000000070c100000, 0x000000070c100000| Complete 
| 180|0x000000070c200000, 0x000000070c300000, 0x000000070c300000|100%| E|CS|TAMS 0x000000070c200000, 0x000000070c200000| Complete 
| 181|0x000000070c300000, 0x000000070c400000, 0x000000070c400000|100%| E|CS|TAMS 0x000000070c300000, 0x000000070c300000| Complete 
| 182|0x000000070c400000, 0x000000070c500000, 0x000000070c500000|100%| E|CS|TAMS 0x000000070c400000, 0x000000070c400000| Complete 
| 183|0x000000070c500000, 0x000000070c600000, 0x000000070c600000|100%| E|CS|TAMS 0x000000070c500000, 0x000000070c500000| Complete 
| 184|0x000000070c600000, 0x000000070c700000, 0x000000070c700000|100%| E|CS|TAMS 0x000000070c600000, 0x000000070c600000| Complete 
| 185|0x000000070c700000, 0x000000070c800000, 0x000000070c800000|100%| E|CS|TAMS 0x000000070c700000, 0x000000070c700000| Complete 
| 186|0x000000070c800000, 0x000000070c900000, 0x000000070c900000|100%| E|CS|TAMS 0x000000070c800000, 0x000000070c800000| Complete 
| 187|0x000000070c900000, 0x000000070ca00000, 0x000000070ca00000|100%| E|CS|TAMS 0x000000070c900000, 0x000000070c900000| Complete 
| 188|0x000000070ca00000, 0x000000070cb00000, 0x000000070cb00000|100%| E|CS|TAMS 0x000000070ca00000, 0x000000070ca00000| Complete 
| 189|0x000000070cb00000, 0x000000070cc00000, 0x000000070cc00000|100%| E|CS|TAMS 0x000000070cb00000, 0x000000070cb00000| Complete 
| 190|0x000000070cc00000, 0x000000070cd00000, 0x000000070cd00000|100%| E|CS|TAMS 0x000000070cc00000, 0x000000070cc00000| Complete 
| 191|0x000000070cd00000, 0x000000070ce00000, 0x000000070ce00000|100%| E|CS|TAMS 0x000000070cd00000, 0x000000070cd00000| Complete 
| 192|0x000000070ce00000, 0x000000070cf00000, 0x000000070cf00000|100%| E|CS|TAMS 0x000000070ce00000, 0x000000070ce00000| Complete 
| 193|0x000000070cf00000, 0x000000070d000000, 0x000000070d000000|100%| E|CS|TAMS 0x000000070cf00000, 0x000000070cf00000| Complete 
| 194|0x000000070d000000, 0x000000070d100000, 0x000000070d100000|100%| E|CS|TAMS 0x000000070d000000, 0x000000070d000000| Complete 
| 195|0x000000070d100000, 0x000000070d200000, 0x000000070d200000|100%| E|CS|TAMS 0x000000070d100000, 0x000000070d100000| Complete 
| 196|0x000000070d200000, 0x000000070d300000, 0x000000070d300000|100%| E|CS|TAMS 0x000000070d200000, 0x000000070d200000| Complete 
| 197|0x000000070d300000, 0x000000070d400000, 0x000000070d400000|100%| E|CS|TAMS 0x000000070d300000, 0x000000070d300000| Complete 
| 198|0x000000070d400000, 0x000000070d500000, 0x000000070d500000|100%| E|CS|TAMS 0x000000070d400000, 0x000000070d400000| Complete 
| 199|0x000000070d500000, 0x000000070d600000, 0x000000070d600000|100%| E|CS|TAMS 0x000000070d500000, 0x000000070d500000| Complete 
| 200|0x000000070d600000, 0x000000070d700000, 0x000000070d700000|100%| E|CS|TAMS 0x000000070d600000, 0x000000070d600000| Complete 
| 201|0x000000070d700000, 0x000000070d800000, 0x000000070d800000|100%| E|CS|TAMS 0x000000070d700000, 0x000000070d700000| Complete 
| 202|0x000000070d800000, 0x000000070d900000, 0x000000070d900000|100%| E|CS|TAMS 0x000000070d800000, 0x000000070d800000| Complete 
| 203|0x000000070d900000, 0x000000070da00000, 0x000000070da00000|100%| S|CS|TAMS 0x000000070d900000, 0x000000070d900000| Complete 
| 204|0x000000070da00000, 0x000000070db00000, 0x000000070db00000|100%| S|CS|TAMS 0x000000070da00000, 0x000000070da00000| Complete 
| 205|0x000000070db00000, 0x000000070dc00000, 0x000000070dc00000|100%| S|CS|TAMS 0x000000070db00000, 0x000000070db00000| Complete 
| 206|0x000000070dc00000, 0x000000070dd00000, 0x000000070dd00000|100%| S|CS|TAMS 0x000000070dc00000, 0x000000070dc00000| Complete 
| 207|0x000000070dd00000, 0x000000070de00000, 0x000000070de00000|100%| S|CS|TAMS 0x000000070dd00000, 0x000000070dd00000| Complete 
| 208|0x000000070de00000, 0x000000070df00000, 0x000000070df00000|100%| S|CS|TAMS 0x000000070de00000, 0x000000070de00000| Complete 
| 209|0x000000070df00000, 0x000000070e000000, 0x000000070e000000|100%| E|CS|TAMS 0x000000070df00000, 0x000000070df00000| Complete 
| 210|0x000000070e000000, 0x000000070e100000, 0x000000070e100000|100%| E|CS|TAMS 0x000000070e000000, 0x000000070e000000| Complete 
| 211|0x000000070e100000, 0x000000070e200000, 0x000000070e200000|100%| E|CS|TAMS 0x000000070e100000, 0x000000070e100000| Complete 
| 212|0x000000070e200000, 0x000000070e300000, 0x000000070e300000|100%| E|CS|TAMS 0x000000070e200000, 0x000000070e200000| Complete 
| 213|0x000000070e300000, 0x000000070e400000, 0x000000070e400000|100%| E|CS|TAMS 0x000000070e300000, 0x000000070e300000| Complete 
| 214|0x000000070e400000, 0x000000070e500000, 0x000000070e500000|100%| E|CS|TAMS 0x000000070e400000, 0x000000070e400000| Complete 
| 215|0x000000070e500000, 0x000000070e600000, 0x000000070e600000|100%| E|CS|TAMS 0x000000070e500000, 0x000000070e500000| Complete 
| 216|0x000000070e600000, 0x000000070e700000, 0x000000070e700000|100%| E|CS|TAMS 0x000000070e600000, 0x000000070e600000| Complete 
| 217|0x000000070e700000, 0x000000070e800000, 0x000000070e800000|100%| E|CS|TAMS 0x000000070e700000, 0x000000070e700000| Complete 
| 218|0x000000070e800000, 0x000000070e900000, 0x000000070e900000|100%| E|CS|TAMS 0x000000070e800000, 0x000000070e800000| Complete 
| 219|0x000000070e900000, 0x000000070ea00000, 0x000000070ea00000|100%| E|CS|TAMS 0x000000070e900000, 0x000000070e900000| Complete 
| 220|0x000000070ea00000, 0x000000070eb00000, 0x000000070eb00000|100%| E|CS|TAMS 0x000000070ea00000, 0x000000070ea00000| Complete 
| 221|0x000000070eb00000, 0x000000070ec00000, 0x000000070ec00000|100%| E|CS|TAMS 0x000000070eb00000, 0x000000070eb00000| Complete 
| 222|0x000000070ec00000, 0x000000070ed00000, 0x000000070ed00000|100%| E|CS|TAMS 0x000000070ec00000, 0x000000070ec00000| Complete 
| 223|0x000000070ed00000, 0x000000070ee00000, 0x000000070ee00000|100%| E|CS|TAMS 0x000000070ed00000, 0x000000070ed00000| Complete 
| 224|0x000000070ee00000, 0x000000070ef00000, 0x000000070ef00000|100%| E|CS|TAMS 0x000000070ee00000, 0x000000070ee00000| Complete 
| 225|0x000000070ef00000, 0x000000070f000000, 0x000000070f000000|100%| E|CS|TAMS 0x000000070ef00000, 0x000000070ef00000| Complete 
| 226|0x000000070f000000, 0x000000070f100000, 0x000000070f100000|100%| E|CS|TAMS 0x000000070f000000, 0x000000070f000000| Complete 
| 227|0x000000070f100000, 0x000000070f200000, 0x000000070f200000|100%| E|CS|TAMS 0x000000070f100000, 0x000000070f100000| Complete 
| 228|0x000000070f200000, 0x000000070f300000, 0x000000070f300000|100%| E|CS|TAMS 0x000000070f200000, 0x000000070f200000| Complete 
| 229|0x000000070f300000, 0x000000070f400000, 0x000000070f400000|100%| E|CS|TAMS 0x000000070f300000, 0x000000070f300000| Complete 
| 230|0x000000070f400000, 0x000000070f500000, 0x000000070f500000|100%| E|CS|TAMS 0x000000070f400000, 0x000000070f400000| Complete 
| 231|0x000000070f500000, 0x000000070f600000, 0x000000070f600000|100%| E|CS|TAMS 0x000000070f500000, 0x000000070f500000| Complete 
| 232|0x000000070f600000, 0x000000070f700000, 0x000000070f700000|100%| E|CS|TAMS 0x000000070f600000, 0x000000070f600000| Complete 
| 233|0x000000070f700000, 0x000000070f800000, 0x000000070f800000|100%| E|CS|TAMS 0x000000070f700000, 0x000000070f700000| Complete 
| 234|0x000000070f800000, 0x000000070f900000, 0x000000070f900000|100%| E|CS|TAMS 0x000000070f800000, 0x000000070f800000| Complete 
| 235|0x000000070f900000, 0x000000070fa00000, 0x000000070fa00000|100%| E|CS|TAMS 0x000000070f900000, 0x000000070f900000| Complete 
| 236|0x000000070fa00000, 0x000000070fb00000, 0x000000070fb00000|100%| E|CS|TAMS 0x000000070fa00000, 0x000000070fa00000| Complete 
| 237|0x000000070fb00000, 0x000000070fc00000, 0x000000070fc00000|100%| E|CS|TAMS 0x000000070fb00000, 0x000000070fb00000| Complete 
| 238|0x000000070fc00000, 0x000000070fd00000, 0x000000070fd00000|100%| E|CS|TAMS 0x000000070fc00000, 0x000000070fc00000| Complete 
| 239|0x000000070fd00000, 0x000000070fe00000, 0x000000070fe00000|100%| E|CS|TAMS 0x000000070fd00000, 0x000000070fd00000| Complete 
| 240|0x000000070fe00000, 0x000000070ff00000, 0x000000070ff00000|100%| E|CS|TAMS 0x000000070fe00000, 0x000000070fe00000| Complete 
| 241|0x000000070ff00000, 0x0000000710000000, 0x0000000710000000|100%| E|CS|TAMS 0x000000070ff00000, 0x000000070ff00000| Complete 
| 242|0x0000000710000000, 0x0000000710100000, 0x0000000710100000|100%| E|CS|TAMS 0x0000000710000000, 0x0000000710000000| Complete 
| 243|0x0000000710100000, 0x0000000710200000, 0x0000000710200000|100%| E|CS|TAMS 0x0000000710100000, 0x0000000710100000| Complete 
| 244|0x0000000710200000, 0x0000000710300000, 0x0000000710300000|100%| E|CS|TAMS 0x0000000710200000, 0x0000000710200000| Complete 
| 245|0x0000000710300000, 0x0000000710400000, 0x0000000710400000|100%| E|CS|TAMS 0x0000000710300000, 0x0000000710300000| Complete 
| 246|0x0000000710400000, 0x0000000710500000, 0x0000000710500000|100%| E|CS|TAMS 0x0000000710400000, 0x0000000710400000| Complete 
| 247|0x0000000710500000, 0x0000000710600000, 0x0000000710600000|100%| E|CS|TAMS 0x0000000710500000, 0x0000000710500000| Complete 
| 248|0x0000000710600000, 0x0000000710700000, 0x0000000710700000|100%| E|CS|TAMS 0x0000000710600000, 0x0000000710600000| Complete 
| 249|0x0000000710700000, 0x0000000710800000, 0x0000000710800000|100%| E|CS|TAMS 0x0000000710700000, 0x0000000710700000| Complete 
| 250|0x0000000710800000, 0x0000000710900000, 0x0000000710900000|100%| E|CS|TAMS 0x0000000710800000, 0x0000000710800000| Complete 
| 251|0x0000000710900000, 0x0000000710a00000, 0x0000000710a00000|100%| E|CS|TAMS 0x0000000710900000, 0x0000000710900000| Complete 
| 252|0x0000000710a00000, 0x0000000710b00000, 0x0000000710b00000|100%| E|CS|TAMS 0x0000000710a00000, 0x0000000710a00000| Complete 
| 253|0x0000000710b00000, 0x0000000710c00000, 0x0000000710c00000|100%| E|CS|TAMS 0x0000000710b00000, 0x0000000710b00000| Complete 
| 254|0x0000000710c00000, 0x0000000710d00000, 0x0000000710d00000|100%| E|CS|TAMS 0x0000000710c00000, 0x0000000710c00000| Complete 
| 255|0x0000000710d00000, 0x0000000710e00000, 0x0000000710e00000|100%| E|CS|TAMS 0x0000000710d00000, 0x0000000710d00000| Complete 

Card table byte_map: [0x000001b030f80000,0x000001b031780000] _byte_map_base: 0x000001b02d779000

Marking Bits (Prev, Next): (CMBitMap*) 0x000001b018d7b650, (CMBitMap*) 0x000001b018d7b618
 Prev Bits: [0x000001b035f50000, 0x000001b039f18000)
 Next Bits: [0x000001b031f80000, 0x000001b035f48000)

Polling page: 0x000001b0184f0000

Metaspace:

Usage:
  Non-class:     22.23 MB capacity,    21.88 MB ( 98%) used,   313.50 KB (  1%) free+waste,    47.63 KB ( <1%) overhead. 
      Class:      2.65 MB capacity,     2.47 MB ( 93%) used,   163.55 KB (  6%) free+waste,    20.63 KB ( <1%) overhead. 
       Both:     24.88 MB capacity,    24.34 MB ( 98%) used,   477.05 KB (  2%) free+waste,    68.25 KB ( <1%) overhead. 

Virtual space:
  Non-class space:       24.00 MB reserved,      22.25 MB ( 93%) committed 
      Class space:        1.00 GB reserved,       2.75 MB ( <1%) committed 
             Both:        1.02 GB reserved,      25.00 MB (  2%) committed 

Chunk freelists:
   Non-Class:  20.00 KB
       Class:  0 bytes
        Both:  20.00 KB

MaxMetaspaceSize: 17179869184.00 GB
CompressedClassSpaceSize: 1.00 GB
Initial GC threshold: 20.80 MB
Current GC threshold: 35.00 MB
CDS: off

CodeHeap 'non-profiled nmethods': size=120000Kb used=1414Kb max_used=1414Kb free=118586Kb
 bounds [0x000001b028f20000, 0x000001b029190000, 0x000001b030450000]
CodeHeap 'profiled nmethods': size=120000Kb used=6454Kb max_used=6454Kb free=113546Kb
 bounds [0x000001b0219f0000, 0x000001b022040000, 0x000001b028f20000]
CodeHeap 'non-nmethods': size=5760Kb used=1210Kb max_used=1266Kb free=4549Kb
 bounds [0x000001b021450000, 0x000001b0216c0000, 0x000001b0219f0000]
 total_blobs=3633 nmethods=3158 adapters=387
 compilation: enabled
              stopped_count=0, restarted_count=0
 full_count=0

Compilation events (20 events):
Event: 5.987 Thread 0x000001b03d3c8000 3160       3       com.sun.xml.bind.v2.model.impl.RuntimeBuiltinLeafInfoImpl$14::parse (5 bytes)
Event: 5.987 Thread 0x000001b03d3c8000 nmethod 3160 0x000001b022024590 code [0x000001b022024740, 0x000001b022024868]
Event: 5.989 Thread 0x000001b03df95800 nmethod 3144 0x000001b029077310 code [0x000001b0290774e0, 0x000001b029077eb8]
Event: 5.989 Thread 0x000001b03df95800 3152       4       com.sun.org.apache.xerces.internal.impl.XMLNSDocumentScannerImpl::scanStartElement (1026 bytes)
Event: 5.990 Thread 0x000001b03d3c2000 nmethod 3147 0x000001b029078210 code [0x000001b0290783c0, 0x000001b0290787b8]
Event: 5.990 Thread 0x000001b03d3c2000 3154   !   4       com.sun.org.apache.xerces.internal.parsers.AbstractSAXParser::startElement (318 bytes)
Event: 5.992 Thread 0x000001b03d3c8000 3161       3       com.sun.org.apache.xerces.internal.parsers.XML11Configuration::addRecognizedParamsAndSetDefaults (173 bytes)
Event: 5.993 Thread 0x000001b03d3c8000 nmethod 3161 0x000001b022024910 code [0x000001b022024be0, 0x000001b022025e08]
Event: 5.993 Thread 0x000001b03d3c8000 3163   !   3       com.sun.org.apache.xerces.internal.parsers.XML11Configuration::setProperty (160 bytes)
Event: 5.994 Thread 0x000001b03d3c8000 nmethod 3163 0x000001b022026390 code [0x000001b0220266a0, 0x000001b022027ab8]
Event: 5.994 Thread 0x000001b03d3c8000 3162       3       com.sun.org.apache.xerces.internal.util.ParserConfigurationSettings::getProperty (20 bytes)
Event: 5.994 Thread 0x000001b03d3c8000 nmethod 3162 0x000001b022027f90 code [0x000001b022028160, 0x000001b022028428]
Event: 6.007 Thread 0x000001b03d3c8000 3165       3       com.sun.org.apache.xerces.internal.impl.XMLDocumentScannerImpl::getPropertyDefault (40 bytes)
Event: 6.008 Thread 0x000001b03d3c8000 nmethod 3165 0x000001b022028590 code [0x000001b022028780, 0x000001b022028a78]
Event: 6.027 Thread 0x000001b03d3c8000 3166       3       com.sun.xml.bind.DatatypeConverterImpl::_parseBoolean (267 bytes)
Event: 6.028 Thread 0x000001b03d3c8000 nmethod 3166 0x000001b022028c10 code [0x000001b022028f40, 0x000001b02202a438]
Event: 6.038 Thread 0x000001b03d3c8000 3171       3       java.lang.CharacterDataLatin1::getPropertiesEx (11 bytes)
Event: 6.038 Thread 0x000001b03d3c8000 nmethod 3171 0x000001b02202aa90 code [0x000001b02202ac40, 0x000001b02202ad78]
Event: 6.039 Thread 0x000001b03d3c8000 3172       1       com.sun.org.apache.xerces.internal.impl.XMLEntityManager::getEntityStore (5 bytes)
Event: 6.039 Thread 0x000001b03d3c8000 nmethod 3172 0x000001b029078a10 code [0x000001b029078bc0, 0x000001b029078c78]

GC Heap History (6 events):
Event: 2.413 GC heap before
{Heap before GC invocations=0 (full 0):
 garbage-first heap   total 262144K, used 24576K [0x0000000700e00000, 0x0000000800000000)
  region size 1024K, 24 young (24576K), 0 survivors (0K)
 Metaspace       used 13472K, capacity 13668K, committed 13696K, reserved 1060864K
  class space    used 1328K, capacity 1394K, committed 1408K, reserved 1048576K
}
Event: 2.417 GC heap after
{Heap after GC invocations=1 (full 0):
 garbage-first heap   total 262144K, used 3548K [0x0000000700e00000, 0x0000000800000000)
  region size 1024K, 3 young (3072K), 3 survivors (3072K)
 Metaspace       used 13472K, capacity 13668K, committed 13696K, reserved 1060864K
  class space    used 1328K, capacity 1394K, committed 1408K, reserved 1048576K
}
Event: 4.205 GC heap before
{Heap before GC invocations=1 (full 0):
 garbage-first heap   total 262144K, used 23004K [0x0000000700e00000, 0x0000000800000000)
  region size 1024K, 23 young (23552K), 3 survivors (3072K)
 Metaspace       used 20750K, capacity 21094K, committed 21248K, reserved 1069056K
  class space    used 2065K, capacity 2202K, committed 2304K, reserved 1048576K
}
Event: 4.212 GC heap after
{Heap after GC invocations=2 (full 0):
 garbage-first heap   total 262144K, used 6434K [0x0000000700e00000, 0x0000000800000000)
  region size 1024K, 6 young (6144K), 6 survivors (6144K)
 Metaspace       used 20750K, capacity 21094K, committed 21248K, reserved 1069056K
  class space    used 2065K, capacity 2202K, committed 2304K, reserved 1048576K
}
Event: 5.389 GC heap before
{Heap before GC invocations=3 (full 0):
 garbage-first heap   total 262144K, used 47394K [0x0000000700e00000, 0x0000000800000000)
  region size 1024K, 47 young (48128K), 6 survivors (6144K)
 Metaspace       used 24301K, capacity 24788K, committed 24960K, reserved 1071104K
  class space    used 2495K, capacity 2644K, committed 2688K, reserved 1048576K
}
Event: 5.395 GC heap after
{Heap after GC invocations=4 (full 0):
 garbage-first heap   total 262144K, used 10177K [0x0000000700e00000, 0x0000000800000000)
  region size 1024K, 6 young (6144K), 6 survivors (6144K)
 Metaspace       used 24301K, capacity 24788K, committed 24960K, reserved 1071104K
  class space    used 2495K, capacity 2644K, committed 2688K, reserved 1048576K
}

Deoptimization events (20 events):
Event: 5.464 Thread 0x000001b018d15000 DEOPT PACKING pc=0x000001b021cb792c sp=0x0000000b9ebfe690
Event: 5.464 Thread 0x000001b018d15000 DEOPT UNPACKING pc=0x000001b02149a95e sp=0x0000000b9ebfdb50 mode 0
Event: 5.474 Thread 0x000001b018d15000 DEOPT PACKING pc=0x000001b021cb5420 sp=0x0000000b9ebfe4f0
Event: 5.474 Thread 0x000001b018d15000 DEOPT UNPACKING pc=0x000001b02149a95e sp=0x0000000b9ebfda10 mode 0
Event: 5.489 Thread 0x000001b018d15000 DEOPT PACKING pc=0x000001b021cb5420 sp=0x0000000b9ebfe390
Event: 5.489 Thread 0x000001b018d15000 DEOPT UNPACKING pc=0x000001b02149a95e sp=0x0000000b9ebfd8b0 mode 0
Event: 5.524 Thread 0x000001b018d15000 Uncommon trap: trap_request=0xffffff4d fr.pc=0x000001b029007418 relative=0x0000000000000238
Event: 5.524 Thread 0x000001b018d15000 Uncommon trap: reason=unstable_if action=reinterpret pc=0x000001b029007418 method=java.lang.Integer.parseInt(Ljava/lang/String;I)I @ 195 c2
Event: 5.525 Thread 0x000001b018d15000 DEOPT PACKING pc=0x000001b029007418 sp=0x0000000b9ebfe2b0
Event: 5.525 Thread 0x000001b018d15000 DEOPT UNPACKING pc=0x000001b02149a1af sp=0x0000000b9ebfe220 mode 2
Event: 5.533 Thread 0x000001b018d15000 Uncommon trap: trap_request=0xffffff4d fr.pc=0x000001b028f49648 relative=0x00000000000001a8
Event: 5.533 Thread 0x000001b018d15000 Uncommon trap: reason=unstable_if action=reinterpret pc=0x000001b028f49648 method=java.lang.String.isLatin1()Z @ 10 c2
Event: 5.533 Thread 0x000001b018d15000 DEOPT PACKING pc=0x000001b028f49648 sp=0x0000000b9ebfe000
Event: 5.533 Thread 0x000001b018d15000 DEOPT UNPACKING pc=0x000001b02149a1af sp=0x0000000b9ebfdf38 mode 2
Event: 5.619 Thread 0x000001b018d15000 DEOPT PACKING pc=0x000001b021f29e93 sp=0x0000000b9ebfe060
Event: 5.620 Thread 0x000001b018d15000 DEOPT UNPACKING pc=0x000001b02149a95e sp=0x0000000b9ebfd520 mode 0
Event: 5.723 Thread 0x000001b018d15000 Uncommon trap: trap_request=0xffffff4d fr.pc=0x000001b02903fe44 relative=0x0000000000001144
Event: 5.723 Thread 0x000001b018d15000 Uncommon trap: reason=unstable_if action=reinterpret pc=0x000001b02903fe44 method=com.sun.org.apache.xerces.internal.impl.XMLEntityScanner.scanQName(Lcom/sun/org/apache/xerces/internal/xni/QName;Lcom/sun/org/apache/xerces/internal/impl/XMLScanner$NameType
Event: 5.723 Thread 0x000001b018d15000 DEOPT PACKING pc=0x000001b02903fe44 sp=0x0000000b9ebfe560
Event: 5.723 Thread 0x000001b018d15000 DEOPT UNPACKING pc=0x000001b02149a1af sp=0x0000000b9ebfe508 mode 2

Classes redefined (0 events):
No events

Internal exceptions (20 events):
Event: 3.210 Thread 0x000001b018d15000 Exception <a 'sun/nio/fs/WindowsException'{0x0000000710337cf0}> (0x0000000710337cf0) thrown at [./src/hotspot/share/prims/jni.cpp, line 616]
Event: 3.210 Thread 0x000001b018d15000 Exception <a 'sun/nio/fs/WindowsException'{0x0000000710338240}> (0x0000000710338240) thrown at [./src/hotspot/share/prims/jni.cpp, line 616]
Event: 3.210 Thread 0x000001b018d15000 Exception <a 'sun/nio/fs/WindowsException'{0x0000000710338998}> (0x0000000710338998) thrown at [./src/hotspot/share/prims/jni.cpp, line 616]
Event: 3.210 Thread 0x000001b018d15000 Exception <a 'sun/nio/fs/WindowsException'{0x00000007103393e8}> (0x00000007103393e8) thrown at [./src/hotspot/share/prims/jni.cpp, line 616]
Event: 3.210 Thread 0x000001b018d15000 Exception <a 'sun/nio/fs/WindowsException'{0x0000000710339790}> (0x0000000710339790) thrown at [./src/hotspot/share/prims/jni.cpp, line 616]
Event: 3.271 Thread 0x000001b018d15000 Exception <a 'java/lang/NoSuchMethodError'{0x0000000710252a88}: 'int java.lang.invoke.DirectMethodHandle$Holder.invokeSpecialIFC(java.lang.Object, java.lang.Object, int)'> (0x0000000710252a88) thrown at [./src/hotspot/share/interpreter/linkResolver.cpp, line 773]
Event: 3.556 Thread 0x000001b018d15000 Exception <a 'java/lang/NoSuchMethodError'{0x000000071017abc0}: 'java.lang.Object java.lang.invoke.DirectMethodHandle$Holder.invokeStaticInit(java.lang.Object, int, int, int, int)'> (0x000000071017abc0) thrown at [./src/hotspot/share/interpreter/linkResolver.cpp, line 773]
Event: 3.558 Thread 0x000001b018d15000 Exception <a 'sun/nio/fs/WindowsException'{0x00000007101811f8}> (0x00000007101811f8) thrown at [./src/hotspot/share/prims/jni.cpp, line 616]
Event: 3.592 Thread 0x000001b018d15000 Exception <a 'java/lang/NoSuchMethodError'{0x000000071019fb20}: 'int java.lang.invoke.DirectMethodHandle$Holder.invokeStaticInit(java.lang.Object, java.lang.Object, java.lang.Object, java.lang.Object)'> (0x000000071019fb20) thrown at [./src/hotspot/share/interpreter/linkResolver.cpp, line 773]
Event: 3.594 Thread 0x000001b018d15000 Exception <a 'java/lang/IncompatibleClassChangeError'{0x00000007101a8d90}: Found class java.lang.Object, but interface was expected> (0x00000007101a8d90) thrown at [./src/hotspot/share/interpreter/linkResolver.cpp, line 839]
Event: 3.594 Thread 0x000001b018d15000 Exception <a 'java/lang/NoSuchMethodError'{0x00000007101abbe0}: 'void java.lang.invoke.DirectMethodHandle$Holder.invokeStaticInit(java.lang.Object, java.lang.Object)'> (0x00000007101abbe0) thrown at [./src/hotspot/share/interpreter/linkResolver.cpp, line 773]
Event: 3.594 Thread 0x000001b018d15000 Exception <a 'java/lang/NoSuchMethodError'{0x00000007101b10d0}: 'int java.lang.invoke.DirectMethodHandle$Holder.invokeStaticInit(java.lang.Object, java.lang.Object)'> (0x00000007101b10d0) thrown at [./src/hotspot/share/interpreter/linkResolver.cpp, line 773]
Event: 4.115 Thread 0x000001b018d15000 Exception <a 'java/lang/NoSuchMethodError'{0x000000070fa646a0}: 'java.lang.Object java.lang.invoke.DirectMethodHandle$Holder.invokeStaticInit(java.lang.Object, java.lang.Object, int, int, int, int)'> (0x000000070fa646a0) thrown at [./src/hotspot/share/interpreter/linkResolver.cpp, line 773]
Event: 5.098 Thread 0x000001b018d15000 Exception <a 'sun/nio/fs/WindowsException'{0x00000007107fcb60}> (0x00000007107fcb60) thrown at [./src/hotspot/share/prims/jni.cpp, line 616]
Event: 5.098 Thread 0x000001b018d15000 Exception <a 'java/lang/NoSuchMethodError'{0x00000007107fd898}: 'int java.lang.invoke.DirectMethodHandle$Holder.invokeInterface(java.lang.Object, java.lang.Object)'> (0x00000007107fd898) thrown at [./src/hotspot/share/interpreter/linkResolver.cpp, line 773]
Event: 5.118 Thread 0x000001b018d15000 Exception <a 'java/lang/NoSuchMethodError'{0x0000000710607340}: 'void java.lang.invoke.DirectMethodHandle$Holder.invokeStatic(java.lang.Object, int, java.lang.Object)'> (0x0000000710607340) thrown at [./src/hotspot/share/interpreter/linkResolver.cpp, line 773]
Event: 5.149 Thread 0x000001b018d15000 Exception <a 'java/lang/NoSuchMethodError'{0x0000000710618e80}: 'java.lang.Object java.lang.invoke.Invokers$Holder.linkToTargetMethod(java.lang.Object, java.lang.Object, java.lang.Object, java.lang.Object, java.lang.Object, java.lang.Object)'> (0x0000000710618e80) thrown at [./src/hotspot/share/interpreter/linkResolver.cpp, line 773]
Event: 5.160 Thread 0x000001b03e535000 Implicit null exception at 0x000001b028fe26a8 to 0x000001b028fe2880
Event: 5.160 Thread 0x000001b03e536800 Implicit null exception at 0x000001b028fe26a8 to 0x000001b028fe2880
Event: 5.160 Thread 0x000001b03e60d800 Implicit null exception at 0x000001b028fe26a8 to 0x000001b028fe2880

Events (20 events):
Event: 5.426 loading class com/google/wireless/android/sdk/stats/ProductDetails$CpuArchitecture done
Event: 5.429 Thread 0x000001b03dd96800 Thread exited: 0x000001b03dd96800
Event: 5.429 Thread 0x000001b03dd93000 Thread exited: 0x000001b03dd93000
Event: 5.443 Thread 0x000001b03e60d800 Thread exited: 0x000001b03e60d800
Event: 5.448 loading class com/google/protobuf/ProtocolMessageEnum
Event: 5.448 loading class com/google/protobuf/ProtocolMessageEnum done
Event: 5.460 loading class com/google/protobuf/Internal$EnumLite
Event: 5.460 loading class com/google/protobuf/Internal$EnumLite done
Event: 5.460 loading class com/google/protobuf/Internal$EnumLiteMap
Event: 5.460 loading class com/google/protobuf/Internal$EnumLiteMap done
Event: 5.461 loading class com/google/wireless/android/sdk/stats/ProductDetails$CpuArchitecture$1
Event: 5.461 loading class com/google/wireless/android/sdk/stats/ProductDetails$CpuArchitecture$1 done
Event: 5.461 loading class com/android/repository/impl/meta/Archive$1
Event: 5.461 loading class com/android/repository/impl/meta/Archive$1 done
Event: 5.464 Thread 0x000001b03dd99000 Thread exited: 0x000001b03dd99000
Event: 5.590 Thread 0x000001b03e535000 Thread exited: 0x000001b03e535000
Event: 5.632 Executing VM operation: ICBufferFull
Event: 5.633 Executing VM operation: ICBufferFull done
Event: 5.674 loading class com/android/repository/api/ProgressIndicator
Event: 5.674 loading class com/android/repository/api/ProgressIndicator done


Dynamic libraries:
0x00007ff6edcf0000 - 0x00007ff6edcfd000 	D:\Program Files\2022.3.20f1\Editor\Data\PlaybackEngines\AndroidPlayer\OpenJDK\bin\java.exe
0x00007ffe0d510000 - 0x00007ffe0d708000 	C:\WINDOWS\SYSTEM32\ntdll.dll
0x00007ffe0b5f0000 - 0x00007ffe0b6ad000 	C:\WINDOWS\System32\KERNEL32.DLL
0x00007ffe0acc0000 - 0x00007ffe0afb6000 	C:\WINDOWS\System32\KERNELBASE.dll
0x00007ffe0abc0000 - 0x00007ffe0acc0000 	C:\WINDOWS\System32\ucrtbase.dll
0x00007ffdeff00000 - 0x00007ffdeff17000 	D:\Program Files\2022.3.20f1\Editor\Data\PlaybackEngines\AndroidPlayer\OpenJDK\bin\jli.dll
0x00007ffdefee0000 - 0x00007ffdefef5000 	D:\Program Files\2022.3.20f1\Editor\Data\PlaybackEngines\AndroidPlayer\OpenJDK\bin\VCRUNTIME140.dll
0x00007ffe0cda0000 - 0x00007ffe0cf3f000 	C:\WINDOWS\System32\USER32.dll
0x00007ffe0b4c0000 - 0x00007ffe0b4e2000 	C:\WINDOWS\System32\win32u.dll
0x00007ffdf2810000 - 0x00007ffdf2aaa000 	C:\WINDOWS\WinSxS\amd64_microsoft.windows.common-controls_6595b64144ccf1df_6.0.19041.3636_none_60b6a03d71f818d5\COMCTL32.dll
0x00007ffe0d4a0000 - 0x00007ffe0d4cb000 	C:\WINDOWS\System32\GDI32.dll
0x00007ffe0b7d0000 - 0x00007ffe0b86e000 	C:\WINDOWS\System32\msvcrt.dll
0x00007ffe0afc0000 - 0x00007ffe0b0d7000 	C:\WINDOWS\System32\gdi32full.dll
0x00007ffe0b2b0000 - 0x00007ffe0b34d000 	C:\WINDOWS\System32\msvcp_win.dll
0x00007ffe0c870000 - 0x00007ffe0c8a2000 	C:\WINDOWS\System32\IMM32.DLL
0x00007ffdd16d0000 - 0x00007ffdd176b000 	D:\Program Files\2022.3.20f1\Editor\Data\PlaybackEngines\AndroidPlayer\OpenJDK\bin\msvcp140.dll
0x00007ffd8e900000 - 0x00007ffd8f481000 	D:\Program Files\2022.3.20f1\Editor\Data\PlaybackEngines\AndroidPlayer\OpenJDK\bin\server\jvm.dll
0x00007ffe0b540000 - 0x00007ffe0b5f0000 	C:\WINDOWS\System32\ADVAPI32.dll
0x00007ffe0ca40000 - 0x00007ffe0cae0000 	C:\WINDOWS\System32\sechost.dll
0x00007ffe0c910000 - 0x00007ffe0ca33000 	C:\WINDOWS\System32\RPCRT4.dll
0x00007ffe0b490000 - 0x00007ffe0b4b7000 	C:\WINDOWS\System32\bcrypt.dll
0x00007ffe0c860000 - 0x00007ffe0c868000 	C:\WINDOWS\System32\PSAPI.DLL
0x00007ffdf68d0000 - 0x00007ffdf68f7000 	C:\WINDOWS\SYSTEM32\WINMM.dll
0x00007ffe092a0000 - 0x00007ffe092a9000 	C:\WINDOWS\SYSTEM32\WSOCK32.dll
0x00007ffe03740000 - 0x00007ffe0374a000 	C:\WINDOWS\SYSTEM32\VERSION.dll
0x00007ffe0c7f0000 - 0x00007ffe0c85b000 	C:\WINDOWS\System32\WS2_32.dll
0x00007ffe093c0000 - 0x00007ffe093d2000 	C:\WINDOWS\SYSTEM32\kernel.appcore.dll
0x00007ffe06410000 - 0x00007ffe06420000 	D:\Program Files\2022.3.20f1\Editor\Data\PlaybackEngines\AndroidPlayer\OpenJDK\bin\verify.dll
0x00007ffe088f0000 - 0x00007ffe08ad4000 	C:\WINDOWS\SYSTEM32\DBGHELP.DLL
0x00007ffde10c0000 - 0x00007ffde10f4000 	C:\WINDOWS\SYSTEM32\dbgcore.DLL
0x00007ffe0b350000 - 0x00007ffe0b3d2000 	C:\WINDOWS\System32\bcryptPrimitives.dll
0x00007ffde4c00000 - 0x00007ffde4c28000 	D:\Program Files\2022.3.20f1\Editor\Data\PlaybackEngines\AndroidPlayer\OpenJDK\bin\java.dll
0x00007ffe062e0000 - 0x00007ffe062ea000 	D:\Program Files\2022.3.20f1\Editor\Data\PlaybackEngines\AndroidPlayer\OpenJDK\bin\jimage.dll
0x00007ffdef170000 - 0x00007ffdef188000 	D:\Program Files\2022.3.20f1\Editor\Data\PlaybackEngines\AndroidPlayer\OpenJDK\bin\zip.dll
0x00007ffe0b870000 - 0x00007ffe0bfdb000 	C:\WINDOWS\System32\SHELL32.dll
0x00007ffe08ae0000 - 0x00007ffe0927e000 	C:\WINDOWS\SYSTEM32\windows.storage.dll
0x00007ffe0cfc0000 - 0x00007ffe0d313000 	C:\WINDOWS\System32\combase.dll
0x00007ffe0a5f0000 - 0x00007ffe0a61e000 	C:\WINDOWS\SYSTEM32\Wldp.dll
0x00007ffe0d320000 - 0x00007ffe0d3ed000 	C:\WINDOWS\System32\OLEAUT32.dll
0x00007ffe0ccf0000 - 0x00007ffe0cd9d000 	C:\WINDOWS\System32\SHCORE.dll
0x00007ffe0c8b0000 - 0x00007ffe0c905000 	C:\WINDOWS\System32\shlwapi.dll
0x00007ffe0aaf0000 - 0x00007ffe0ab13000 	C:\WINDOWS\SYSTEM32\profapi.dll
0x00007ffdeec00000 - 0x00007ffdeec19000 	D:\Program Files\2022.3.20f1\Editor\Data\PlaybackEngines\AndroidPlayer\OpenJDK\bin\net.dll
0x00007ffe009f0000 - 0x00007ffe00afa000 	C:\WINDOWS\SYSTEM32\WINHTTP.dll
0x00007ffe0a350000 - 0x00007ffe0a3ba000 	C:\WINDOWS\system32\mswsock.dll
0x00007ffdee890000 - 0x00007ffdee8a3000 	D:\Program Files\2022.3.20f1\Editor\Data\PlaybackEngines\AndroidPlayer\OpenJDK\bin\nio.dll
0x00007ffdefd00000 - 0x00007ffdefd0e000 	D:\Program Files\2022.3.20f1\Editor\Data\PlaybackEngines\AndroidPlayer\OpenJDK\bin\sunmscapi.dll
0x00007ffe0b0e0000 - 0x00007ffe0b23e000 	C:\WINDOWS\System32\CRYPT32.dll
0x00007ffe0a660000 - 0x00007ffe0a688000 	C:\WINDOWS\SYSTEM32\ncrypt.dll
0x00007ffe0a620000 - 0x00007ffe0a65b000 	C:\WINDOWS\SYSTEM32\NTASN1.dll
0x00007ffde4ba0000 - 0x00007ffde4bc5000 	D:\Program Files\2022.3.20f1\Editor\Data\PlaybackEngines\AndroidPlayer\OpenJDK\bin\sunec.dll
0x00007ffe0a540000 - 0x00007ffe0a558000 	C:\WINDOWS\SYSTEM32\CRYPTSP.dll
0x00007ffe09c00000 - 0x00007ffe09c34000 	C:\WINDOWS\system32\rsaenh.dll
0x00007ffe0aa70000 - 0x00007ffe0aa9e000 	C:\WINDOWS\SYSTEM32\USERENV.dll
0x00007ffe0a560000 - 0x00007ffe0a56c000 	C:\WINDOWS\SYSTEM32\CRYPTBASE.dll
0x00007ffe09fe0000 - 0x00007ffe0a01b000 	C:\WINDOWS\SYSTEM32\IPHLPAPI.DLL
0x00007ffe0c700000 - 0x00007ffe0c708000 	C:\WINDOWS\System32\NSI.dll
0x00007ffe02950000 - 0x00007ffe02967000 	C:\WINDOWS\SYSTEM32\dhcpcsvc6.DLL
0x00007ffe03750000 - 0x00007ffe0376d000 	C:\WINDOWS\SYSTEM32\dhcpcsvc.DLL
0x00007ffe0a020000 - 0x00007ffe0a0eb000 	C:\WINDOWS\SYSTEM32\DNSAPI.dll
0x00007ffdf1dc0000 - 0x00007ffdf1dca000 	C:\Windows\System32\rasadhlp.dll
0x00007ffdf1e60000 - 0x00007ffdf1ee0000 	C:\WINDOWS\System32\fwpuclnt.dll

dbghelp: loaded successfully - version: 4.0.5 - missing functions: none
symbol engine: initialized successfully - sym options: 0x614 - pdb path: .;D:\Program Files\2022.3.20f1\Editor\Data\PlaybackEngines\AndroidPlayer\OpenJDK\bin;C:\WINDOWS\SYSTEM32;C:\WINDOWS\WinSxS\amd64_microsoft.windows.common-controls_6595b64144ccf1df_6.0.19041.3636_none_60b6a03d71f818d5;D:\Program Files\2022.3.20f1\Editor\Data\PlaybackEngines\AndroidPlayer\OpenJDK\bin\server

VM Arguments:
jvm_args: -Dfile.encoding=UTF-8 -Dcom.android.sdklib.toolsdir=D:\Program Files\2022.3.20f1\Editor\Data\PlaybackEngines\AndroidPlayer\SDK\cmdline-tools\6.0\bin\\.. 
java_command: com.android.sdklib.tool.sdkmanager.SdkManagerCli --list
java_class_path (initial): D:\Program Files\2022.3.20f1\Editor\Data\PlaybackEngines\AndroidPlayer\SDK\cmdline-tools\6.0\bin\..\lib\sdkmanager-classpath.jar
Launcher Type: SUN_STANDARD

[Global flags]
     intx CICompilerCount                          = 4                                         {product} {ergonomic}
     uint ConcGCThreads                            = 2                                         {product} {ergonomic}
     uint G1ConcRefinementThreads                  = 8                                         {product} {ergonomic}
   size_t G1HeapRegionSize                         = 1048576                                   {product} {ergonomic}
    uintx GCDrainStackTargetSize                   = 64                                        {product} {ergonomic}
   size_t InitialHeapSize                          = 268435456                                 {product} {ergonomic}
   size_t MarkStackSize                            = 4194304                                   {product} {ergonomic}
   size_t MaxHeapSize                              = 4280287232                                {product} {ergonomic}
   size_t MaxNewSize                               = 2567962624                                {product} {ergonomic}
   size_t MinHeapDeltaBytes                        = 1048576                                   {product} {ergonomic}
    uintx NonNMethodCodeHeapSize                   = 5836300                                {pd product} {ergonomic}
    uintx NonProfiledCodeHeapSize                  = 122910970                              {pd product} {ergonomic}
    uintx ProfiledCodeHeapSize                     = 122910970                              {pd product} {ergonomic}
    uintx ReservedCodeCacheSize                    = 251658240                              {pd product} {ergonomic}
     bool SegmentedCodeCache                       = true                                      {product} {ergonomic}
     bool UseCompressedClassPointers               = true                                 {lp64_product} {ergonomic}
     bool UseCompressedOops                        = true                                 {lp64_product} {ergonomic}
     bool UseG1GC                                  = true                                      {product} {ergonomic}
     bool UseLargePagesIndividualAllocation        = false                                  {pd product} {ergonomic}

Logging:
Log output configuration:
 #0: stdout all=warning uptime,level,tags
 #1: stderr all=off uptime,level,tags

Environment Variables:
JAVA_HOME=D:\Program Files\2022.3.20f1\Editor\Data\PlaybackEngines\AndroidPlayer\OpenJDK
JAVA_TOOL_OPTIONS=-Dfile.encoding=UTF-8
CLASSPATH=D:\Program Files\2022.3.20f1\Editor\Data\PlaybackEngines\AndroidPlayer\SDK\cmdline-tools\6.0\bin\..\lib\sdkmanager-classpath.jar
PATH=C:\Program Files (x86)\Common Files\Oracle\Java\javapath;C:\Program Files (x86)\Intel\iCLS Client\;C:\Program Files\Intel\iCLS Client\;C:\Windows\system32;C:\Windows;C:\Windows\System32\Wbem;C:\Windows\System32\WindowsPowerShell\v1.0\;C:\Program Files (x86)\NVIDIA Corporation\PhysX\Common;C:\Program Files (x86)\Intel\Intel(R) Management Engine Components\DAL;C:\Program Files\Intel\Intel(R) Management Engine Components\DAL;C:\Program Files (x86)\Intel\Intel(R) Management Engine Components\IPT;C:\Program Files\Intel\Intel(R) Management Engine Components\IPT;C:\WINDOWS\system32;C:\WINDOWS;C:\WINDOWS\System32\Wbem;C:\WINDOWS\System32\WindowsPowerShell\v1.0\;C:\Python27;C:\Users\Fixer\AppData\Local\Programs\Common\Microsoft\Visual C++ for Python\9.0\VC\bin;C:\Program Files\Intel\WiFi\bin\;C:\Program Files\Common Files\Intel\WirelessCommon\;C:\WINDOWS\System32\OpenSSH\;C:\WINDOWS\system32;C:\WINDOWS;C:\WINDOWS\System32\Wbem;C:\WINDOWS\System32\WindowsPowerShell\v1.0\;C:\WINDOWS\System32\OpenSSH\;C:\Program Files (x86)\dotnet\;C:\Program Files\dotnet\;C:\Program Files\NVIDIA Corporation\NVIDIA NvDLISR;D:\Program Files\Git\cmd;D:\Program Files\2022.3.2f1\Editor\Data\PlaybackEngines\AndroidPlayer\Tools\gradle\bin;D:\Ruby32-x64\bin;C:\Users\Fixer\AppData\Local\Microsoft\WindowsApps;C:\Users\Fixer\.dotnet\tools;C:\Users\Fixer\AppData\Local\GitHubDesktop\bin
USERNAME=Fixer
OS=Windows_NT
PROCESSOR_IDENTIFIER=Intel64 Family 6 Model 94 Stepping 3, GenuineIntel



---------------  S Y S T E M  ---------------

OS: Windows 10 , 64 bit Build 19041 (10.0.19041.3636)
OS uptime: 1 days 4:10 hours

CPU:total 8 (initial active 8) (4 cores per cpu, 2 threads per core) family 6 model 94 stepping 3 microcode 0xcc, cmov, cx8, fxsr, mmx, sse, sse2, sse3, ssse3, sse4.1, sse4.2, popcnt, avx, avx2, aes, clmul, erms, rtm, 3dnowpref, lzcnt, ht, tsc, tscinvbit, bmi1, bmi2, adx, fma

Memory: 4k page, system-wide physical 16322M (1108M free)
TotalPageFile size 22322M (AvailPageFile size 4M)
current process WorkingSet (physical memory assigned to process): 223M, peak: 223M
current process commit charge ("private bytes"): 402M, peak: 406M

vm_info: OpenJDK 64-Bit Server VM (11.0.14.1+1) for windows-amd64 JRE (11.0.14.1+1), built on Feb  9 2022 01:48:27 by "" with unknown MS VC++:1916

END.
